<?xml version="1.0" encoding="UTF-8"?>

<testsuite name="com.PlaybookSandbox.app.util.UtilsTest" tests="5" failures="0" errors="0" skipped="1" time="0.030" hostname="xtremelabs2-PC-2.local" timestamp="2011-07-21T03:12:44">
  <testcase classname="com.PlaybookSandbox.app.util::UtilsTest" name="divisionWithException" time="0.026"/>
  <testcase classname="com.PlaybookSandbox.app.util::UtilsTest" name="testTwoNumbers" time="0.001"/>
  <testcase classname="com.PlaybookSandbox.app.util::UtilsTest" name="testSampleIgnore" time="0.002">
    <skipped/>
  </testcase>
  <testcase classname="com.PlaybookSandbox.app.util::UtilsTest" name="testSampleFailure" time="0.001"/>
  <testcase classname="com.PlaybookSandbox.app.util::UtilsTest" name="testSampleError" time="0.000"/>
</testsuite>
